cpanm (App::cpanminus) 1.5017 on perl 5.010001 built for x86_64-linux-thread-multi
Work directory is /home/yuta/.cpanm/work/1343244022.4943
You have make /usr/bin/make
You have LWP 6.02
You have /bin/tar: tar (GNU tar) 1.23
Copyright (C) 2010 Free Software Foundation, Inc.
License GPLv3+: GNU GPL version 3 or later <http://gnu.org/licenses/gpl.html>.
This is free software: you are free to change and redistribute it.
There is NO WARRANTY, to the extent permitted by law.

Written by John Gilmore and Jay Fenlason.
You have /usr/bin/unzip
Searching YAML on cpanmetadb ...
!
! Can't write to /usr/local/share/perl5 and /usr/local/bin: Installing modules to /home/yuta/perl5
! To turn off this warning, you have to do one of the following:
!   - run me as a root or with --sudo option (to install to /usr/local/share/perl5 and /usr/local/bin)
!   - Configure local::lib your existing local::lib in this shell to set PERL_MM_OPT etc.
!   - Install local::lib by running the following commands
!
!         cpanm --local-lib=~/perl5 local::lib && eval $(perl -I ~/perl5/lib/perl5/ -Mlocal::lib)
!
Checking if you have ExtUtils::MakeMaker 6.31 ... Yes (6.55_02)
Checking if you have ExtUtils::Install 1.46 ... Yes (1.54)
--> Working on YAML
Fetching http://www.cpan.org/authors/id/M/MS/MSTROUT/YAML-0.84.tar.gz
-> OK
Unpacking YAML-0.84.tar.gz
Entering YAML-0.84
Checking configure dependencies from META.yml
Checking if you have ExtUtils::MakeMaker 6.59 ... No (6.55_02 < 6.59)
==> Found dependencies: ExtUtils::MakeMaker
Searching ExtUtils::MakeMaker on cpanmetadb ...
--> Working on ExtUtils::MakeMaker
Fetching http://www.cpan.org/authors/id/M/MS/MSCHWERN/ExtUtils-MakeMaker-6.62.tar.gz
-> OK
Unpacking ExtUtils-MakeMaker-6.62.tar.gz
Entering ExtUtils-MakeMaker-6.62
Checking configure dependencies from META.yml
Configuring ExtUtils-MakeMaker-6.62
Running Makefile.PL
Using included version of ExtUtils::Manifest (1.58) as it is newer than the installed version (1.56).
Using included version of Version::Requirements (0.101020) because it is not already installed.
Using included version of JSON::PP::Compat5006 (1.09) because it is not already installed.
Using included version of File::Copy::Recursive (0.38) because it is not already installed.
Checking if your kit is complete...
Looks good
Writing Makefile for ExtUtils::MakeMaker
Writing MYMETA.yml and MYMETA.json
-> OK
Checking dependencies from MYMETA.json ...
Checking if you have Data::Dumper 0 ... Yes (2.124)
Checking if you have Pod::Man 0 ... Yes (2.22)
Checking if you have File::Spec 0.8 ... Yes (3.30)
Checking if you have File::Basename 0 ... Yes (2.77)
Checking if you have DirHandle 0 ... Yes (1.03)
Building and testing ExtUtils-MakeMaker-6.62
cp inc/ExtUtils/Manifest.pm blib/lib/ExtUtils/Manifest.pm
cp lib/ExtUtils/MM_OS2.pm blib/lib/ExtUtils/MM_OS2.pm
cp lib/ExtUtils/MakeMaker.pm blib/lib/ExtUtils/MakeMaker.pm
cp inc/File/Copy/Recursive.pm blib/lib/File/Copy/Recursive.pm
cp lib/ExtUtils/MM_VOS.pm blib/lib/ExtUtils/MM_VOS.pm
cp lib/ExtUtils/MM_Unix.pm blib/lib/ExtUtils/MM_Unix.pm
cp lib/ExtUtils/Mksymlists.pm blib/lib/ExtUtils/Mksymlists.pm
cp lib/ExtUtils/MM.pm blib/lib/ExtUtils/MM.pm
cp lib/ExtUtils/MM_Win32.pm blib/lib/ExtUtils/MM_Win32.pm
cp lib/ExtUtils/MM_UWIN.pm blib/lib/ExtUtils/MM_UWIN.pm
cp lib/ExtUtils/testlib.pm blib/lib/ExtUtils/testlib.pm
cp lib/ExtUtils/MM_Cygwin.pm blib/lib/ExtUtils/MM_Cygwin.pm
cp lib/ExtUtils/MY.pm blib/lib/ExtUtils/MY.pm
cp lib/ExtUtils/MM_DOS.pm blib/lib/ExtUtils/MM_DOS.pm
cp lib/ExtUtils/MM_MacOS.pm blib/lib/ExtUtils/MM_MacOS.pm
cp lib/ExtUtils/MM_Win95.pm blib/lib/ExtUtils/MM_Win95.pm
cp lib/ExtUtils/MM_VMS.pm blib/lib/ExtUtils/MM_VMS.pm
cp lib/ExtUtils/MM_BeOS.pm blib/lib/ExtUtils/MM_BeOS.pm
cp lib/ExtUtils/Liblist.pm blib/lib/ExtUtils/Liblist.pm
cp lib/ExtUtils/MM_AIX.pm blib/lib/ExtUtils/MM_AIX.pm
cp lib/ExtUtils/MM_Darwin.pm blib/lib/ExtUtils/MM_Darwin.pm
cp lib/ExtUtils/MakeMaker/Tutorial.pod blib/lib/ExtUtils/MakeMaker/Tutorial.pod
cp lib/ExtUtils/Mkbootstrap.pm blib/lib/ExtUtils/Mkbootstrap.pm
cp lib/ExtUtils/Liblist/Kid.pm blib/lib/ExtUtils/Liblist/Kid.pm
cp lib/ExtUtils/MM_QNX.pm blib/lib/ExtUtils/MM_QNX.pm
cp lib/ExtUtils/MakeMaker/FAQ.pod blib/lib/ExtUtils/MakeMaker/FAQ.pod
cp lib/ExtUtils/Command/MM.pm blib/lib/ExtUtils/Command/MM.pm
cp lib/ExtUtils/MakeMaker/Config.pm blib/lib/ExtUtils/MakeMaker/Config.pm
cp inc/JSON/PP/Compat5006.pm blib/lib/JSON/PP/Compat5006.pm
cp inc/ExtUtils/MANIFEST.SKIP blib/lib/ExtUtils/MANIFEST.SKIP
cp lib/ExtUtils/MM_NW5.pm blib/lib/ExtUtils/MM_NW5.pm
cp inc/Version/Requirements.pm blib/lib/Version/Requirements.pm
cp lib/ExtUtils/MM_Any.pm blib/lib/ExtUtils/MM_Any.pm
cp bin/instmodsh blib/script/instmodsh
/usr/bin/perl "-Iblib/arch" "-Iblib/lib" -MExtUtils::MY -e 'MY->fixin(shift)' -- blib/script/instmodsh
Manifying blib/man1/instmodsh.1
Manifying blib/man3/ExtUtils::Manifest.3pm
Manifying blib/man3/File::Copy::Recursive.3pm
Manifying blib/man3/ExtUtils::MakeMaker.3pm
Manifying blib/man3/ExtUtils::MM_OS2.3pm
Manifying blib/man3/ExtUtils::MM_VOS.3pm
Manifying blib/man3/ExtUtils::MM_Unix.3pm
Manifying blib/man3/ExtUtils::Mksymlists.3pm
Manifying blib/man3/ExtUtils::MM.3pm
Manifying blib/man3/ExtUtils::MM_UWIN.3pm
Manifying blib/man3/ExtUtils::MM_Win32.3pm
Manifying blib/man3/ExtUtils::testlib.3pm
Manifying blib/man3/ExtUtils::MM_DOS.3pm
Manifying blib/man3/ExtUtils::MY.3pm
Manifying blib/man3/ExtUtils::MM_Cygwin.3pm
Manifying blib/man3/ExtUtils::MM_MacOS.3pm
Manifying blib/man3/ExtUtils::MM_VMS.3pm
Manifying blib/man3/ExtUtils::MM_Win95.3pm
Manifying blib/man3/ExtUtils::MM_BeOS.3pm
Manifying blib/man3/ExtUtils::Liblist.3pm
Manifying blib/man3/ExtUtils::MakeMaker::Tutorial.3pm
Manifying blib/man3/ExtUtils::MM_Darwin.3pm
Manifying blib/man3/ExtUtils::MM_AIX.3pm
Manifying blib/man3/ExtUtils::Mkbootstrap.3pm
Manifying blib/man3/ExtUtils::MakeMaker::FAQ.3pm
Manifying blib/man3/ExtUtils::MM_QNX.3pm
Manifying blib/man3/ExtUtils::Command::MM.3pm
Manifying blib/man3/JSON::PP::Compat5006.3pm
Manifying blib/man3/ExtUtils::MakeMaker::Config.3pm
Manifying blib/man3/ExtUtils::MM_NW5.3pm
Manifying blib/man3/Version::Requirements.3pm
Manifying blib/man3/ExtUtils::MM_Any.3pm
PERL_DL_NONLAZY=1 /usr/bin/perl "-Iblib/arch" "-Iblib/lib" "-MExtUtils::Command::MM" "-e" "test_harness(0, 'blib/lib', 'blib/arch')" t/*.t
t/00compile.t ............. ok
t/arch_check.t ............ ok
t/backwards.t ............. ok
t/basic.t ................. ok
t/build_man.t ............. ok
t/cd.t .................... ok
t/config.t ................ ok
t/dir_target.t ............ ok
t/FIRST_MAKEFILE.t ........ ok
t/fix_libs.t .............. ok
t/fixin.t ................. ok
t/hints.t ................. ok
t/INST.t .................. ok
t/INST_PREFIX.t ........... ok
t/INSTALL_BASE.t .......... ok
t/installed_file.t ........ ok
t/is_of_type.t ............ ok
t/Liblist.t ............... ok
t/Liblist_Kid.t ........... ok
t/make.t .................. ok
t/MakeMaker_Parameters.t .. ok
t/maketext_filter.t ....... ok
t/meta_convert.t .......... ok
t/metafile_data.t ......... ok
t/metafile_file.t ......... ok
t/min_perl_version.t ...... ok
t/miniperl.t .............. skipped: miniperl test only necessary for the perl core
t/Mkbootstrap.t ........... ok
t/MM_Any.t ................ ok
t/MM_BeOS.t ............... skipped: This is not BeOS
t/MM_Cygwin.t ............. skipped: This is not cygwin
t/MM_NW5.t ................ skipped: This is not NW5
t/MM_OS2.t ................ skipped: This is not OS/2
t/MM_Unix.t ............... ok
t/MM_VMS.t ................ skipped: This is not VMS
t/MM_Win32.t .............. skipped: This is not Win32
t/oneliner.t .............. ok
t/parse_abstract.t ........ ok
t/parse_version.t ......... ok
t/PL_FILES.t .............. ok
t/pm.t .................... ok
t/pm_to_blib.t ............ ok
t/pod2man.t ............... ok
t/postamble.t ............. ok
t/prefixify.t ............. ok
t/prereq.t ................ ok
t/prereq_print.t .......... ok
t/problems.t .............. ok
t/prompt.t ................ ok
t/recurs.t ................ ok
t/revision.t .............. ok
t/several_authors.t ....... ok
t/split_command.t ......... ok
t/test_boilerplate.t ...... ok
t/testlib.t ............... ok
t/VERSION_FROM.t .......... ok
t/WriteEmptyMakefile.t .... ok
t/writemakefile_args.t .... ok
t/xs.t .................... skipped: ExtUtils::CBuilder not installed or couldn't find a compiler
All tests successful.
Files=59, Tests=940, 30 wallclock secs ( 0.29 usr  0.32 sys + 21.12 cusr  5.88 csys = 27.61 CPU)
Result: PASS
Installing /home/yuta/perl5/lib/perl5/JSON/PP/Compat5006.pm
Installing /home/yuta/perl5/lib/perl5/File/Copy/Recursive.pm
Installing /home/yuta/perl5/lib/perl5/Version/Requirements.pm
Installing /home/yuta/perl5/lib/perl5/ExtUtils/MM_QNX.pm
Installing /home/yuta/perl5/lib/perl5/ExtUtils/MM_OS2.pm
Installing /home/yuta/perl5/lib/perl5/ExtUtils/MM_VMS.pm
Installing /home/yuta/perl5/lib/perl5/ExtUtils/MM_Win32.pm
Installing /home/yuta/perl5/lib/perl5/ExtUtils/MakeMaker.pm
Installing /home/yuta/perl5/lib/perl5/ExtUtils/MM_MacOS.pm
Installing /home/yuta/perl5/lib/perl5/ExtUtils/MM_Any.pm
Installing /home/yuta/perl5/lib/perl5/ExtUtils/MM_BeOS.pm
Installing /home/yuta/perl5/lib/perl5/ExtUtils/MM.pm
Installing /home/yuta/perl5/lib/perl5/ExtUtils/MANIFEST.SKIP
Installing /home/yuta/perl5/lib/perl5/ExtUtils/MM_NW5.pm
Installing /home/yuta/perl5/lib/perl5/ExtUtils/Mkbootstrap.pm
Installing /home/yuta/perl5/lib/perl5/ExtUtils/MM_Cygwin.pm
Installing /home/yuta/perl5/lib/perl5/ExtUtils/MM_Win95.pm
Installing /home/yuta/perl5/lib/perl5/ExtUtils/testlib.pm
Installing /home/yuta/perl5/lib/perl5/ExtUtils/Manifest.pm
Installing /home/yuta/perl5/lib/perl5/ExtUtils/MM_Unix.pm
Installing /home/yuta/perl5/lib/perl5/ExtUtils/MM_VOS.pm
Installing /home/yuta/perl5/lib/perl5/ExtUtils/MM_AIX.pm
Installing /home/yuta/perl5/lib/perl5/ExtUtils/Mksymlists.pm
Installing /home/yuta/perl5/lib/perl5/ExtUtils/MM_UWIN.pm
Installing /home/yuta/perl5/lib/perl5/ExtUtils/MY.pm
Installing /home/yuta/perl5/lib/perl5/ExtUtils/MM_DOS.pm
Installing /home/yuta/perl5/lib/perl5/ExtUtils/MM_Darwin.pm
Installing /home/yuta/perl5/lib/perl5/ExtUtils/Liblist.pm
Installing /home/yuta/perl5/lib/perl5/ExtUtils/MakeMaker/Tutorial.pod
Installing /home/yuta/perl5/lib/perl5/ExtUtils/MakeMaker/FAQ.pod
Installing /home/yuta/perl5/lib/perl5/ExtUtils/MakeMaker/Config.pm
Installing /home/yuta/perl5/lib/perl5/ExtUtils/Command/MM.pm
Installing /home/yuta/perl5/lib/perl5/ExtUtils/Liblist/Kid.pm
Installing /home/yuta/perl5/man/man1/instmodsh.1
Installing /home/yuta/perl5/man/man3/ExtUtils::Mksymlists.3pm
Installing /home/yuta/perl5/man/man3/ExtUtils::MM.3pm
Installing /home/yuta/perl5/man/man3/ExtUtils::MakeMaker::FAQ.3pm
Installing /home/yuta/perl5/man/man3/ExtUtils::MM_Darwin.3pm
Installing /home/yuta/perl5/man/man3/ExtUtils::Command::MM.3pm
Installing /home/yuta/perl5/man/man3/ExtUtils::MY.3pm
Installing /home/yuta/perl5/man/man3/ExtUtils::MM_VOS.3pm
Installing /home/yuta/perl5/man/man3/Version::Requirements.3pm
Installing /home/yuta/perl5/man/man3/ExtUtils::MM_Unix.3pm
Installing /home/yuta/perl5/man/man3/ExtUtils::MM_DOS.3pm
Installing /home/yuta/perl5/man/man3/File::Copy::Recursive.3pm
Installing /home/yuta/perl5/man/man3/ExtUtils::testlib.3pm
Installing /home/yuta/perl5/man/man3/ExtUtils::MakeMaker::Tutorial.3pm
Installing /home/yuta/perl5/man/man3/ExtUtils::MM_BeOS.3pm
Installing /home/yuta/perl5/man/man3/ExtUtils::Mkbootstrap.3pm
Installing /home/yuta/perl5/man/man3/ExtUtils::MM_QNX.3pm
Installing /home/yuta/perl5/man/man3/ExtUtils::MM_MacOS.3pm
Installing /home/yuta/perl5/man/man3/ExtUtils::MM_Win95.3pm
Installing /home/yuta/perl5/man/man3/ExtUtils::Manifest.3pm
Installing /home/yuta/perl5/man/man3/ExtUtils::MM_VMS.3pm
Installing /home/yuta/perl5/man/man3/ExtUtils::MM_Win32.3pm
Installing /home/yuta/perl5/man/man3/ExtUtils::MM_Any.3pm
Installing /home/yuta/perl5/man/man3/ExtUtils::MM_Cygwin.3pm
Installing /home/yuta/perl5/man/man3/ExtUtils::MakeMaker.3pm
Installing /home/yuta/perl5/man/man3/ExtUtils::MakeMaker::Config.3pm
Installing /home/yuta/perl5/man/man3/ExtUtils::MM_OS2.3pm
Installing /home/yuta/perl5/man/man3/JSON::PP::Compat5006.3pm
Installing /home/yuta/perl5/man/man3/ExtUtils::MM_UWIN.3pm
Installing /home/yuta/perl5/man/man3/ExtUtils::MM_AIX.3pm
Installing /home/yuta/perl5/man/man3/ExtUtils::Liblist.3pm
Installing /home/yuta/perl5/man/man3/ExtUtils::MM_NW5.3pm
Installing /home/yuta/perl5/bin/instmodsh
Appending installation info to /home/yuta/perl5/lib/perl5/x86_64-linux-thread-multi/perllocal.pod
-> OK
Successfully installed ExtUtils-MakeMaker-6.62 (upgraded from 6.55_02)
Installing ~/perl5/lib/perl5/x86_64-linux-thread-multi/.meta/ExtUtils-MakeMaker-6.62/MYMETA.json
Installing ~/perl5/lib/perl5/x86_64-linux-thread-multi/.meta/ExtUtils-MakeMaker-6.62/install.json
Configuring YAML-0.84
Running Makefile.PL
Warning: prerequisite ExtUtils::MakeMaker 6.59 not found. We have 6.5502.
Checking if your kit is complete...
Looks good
Writing Makefile for YAML
-> OK
Finding PREREQ from Makefile ...
Checking if you have ExtUtils::MakeMaker 6.59 ... Yes (6.62)
Building and testing YAML-0.84
cp lib/Test/YAML.pm blib/lib/Test/YAML.pm
cp lib/YAML/Types.pm blib/lib/YAML/Types.pm
cp lib/YAML/Loader.pm blib/lib/YAML/Loader.pm
cp lib/YAML/Node.pm blib/lib/YAML/Node.pm
cp lib/YAML/Any.pm blib/lib/YAML/Any.pm
cp lib/YAML/Error.pm blib/lib/YAML/Error.pm
cp lib/YAML/Loader/Base.pm blib/lib/YAML/Loader/Base.pm
cp lib/YAML.pm blib/lib/YAML.pm
cp lib/YAML/Mo.pm blib/lib/YAML/Mo.pm
cp lib/YAML/Dumper/Base.pm blib/lib/YAML/Dumper/Base.pm
cp lib/YAML/Marshall.pm blib/lib/YAML/Marshall.pm
cp lib/YAML/Tag.pm blib/lib/YAML/Tag.pm
cp lib/YAML/Dumper.pm blib/lib/YAML/Dumper.pm
Manifying blib/man3/Test::YAML.3pm
Manifying blib/man3/YAML::Types.3pm
Manifying blib/man3/YAML::Node.3pm
Manifying blib/man3/YAML::Loader.3pm
Manifying blib/man3/YAML::Any.3pm
Manifying blib/man3/YAML::Error.3pm
Manifying blib/man3/YAML::Loader::Base.3pm
Manifying blib/man3/YAML.3pm
Manifying blib/man3/YAML::Dumper::Base.3pm
Manifying blib/man3/YAML::Tag.3pm
Manifying blib/man3/YAML::Marshall.3pm
Manifying blib/man3/YAML::Dumper.3pm
PERL_DL_NONLAZY=1 /usr/bin/perl "-MExtUtils::Command::MM" "-e" "test_harness(0, 'inc', 'blib/lib', 'blib/arch')" t/*.t
t/2-scalars.t ............ ok
t/basic-tests.t .......... ok
t/bugs-emailed.t ......... ok
t/bugs-rt.t .............. ok
t/changes.t .............. ok
t/dump-basics.t .......... ok
t/dump-blessed.t ......... ok
t/dump-code.t ............ ok
t/dump-file-utf8.t ....... ok
t/dump-file.t ............ ok
t/dump-nested.t .......... ok
t/dump-opts.t ............ ok
t/dump-perl-types-512.t .. ok
t/dump-perl-types-514.t .. skipped: test only for perls v5.13.5-11-gfb85c04 or later
t/dump-perl-types.t ...... ok
t/dump-stringify.t ....... ok
t/dump-tests-512.t ....... ok
t/dump-tests-514.t ....... skipped: test only for perls v5.13.5-11-gfb85c04 or later
t/dump-tests.t ........... ok
t/dump-works.t ........... ok
t/errors.t ............... ok
t/export.t ............... ok
t/freeze-thaw.t .......... ok
t/global-api.t ........... ok
t/inbox.t ................ ok
t/load-fails.t ........... ok
t/load-passes.t .......... ok
t/load-slides.t .......... ok
t/load-spec.t ............ ok
t/load-tests.t ........... ok
t/load-works.t ........... ok
t/marshall.t ............. ok
t/node-info.t ............ ok
t/pugs-objects.t ......... ok
t/references.t ........... ok
t/regexp.t ............... ok
t/svk.t .................. ok
t/test.t ................. ok
All tests successful.
Files=38, Tests=452,  5 wallclock secs ( 0.17 usr  0.20 sys +  4.55 cusr  0.71 csys =  5.63 CPU)
Result: PASS
Installing /home/yuta/perl5/lib/perl5/YAML.pm
Installing /home/yuta/perl5/lib/perl5/Test/YAML.pm
Installing /home/yuta/perl5/lib/perl5/YAML/Error.pm
Installing /home/yuta/perl5/lib/perl5/YAML/Loader.pm
Installing /home/yuta/perl5/lib/perl5/YAML/Tag.pm
Installing /home/yuta/perl5/lib/perl5/YAML/Any.pm
Installing /home/yuta/perl5/lib/perl5/YAML/Dumper.pm
Installing /home/yuta/perl5/lib/perl5/YAML/Marshall.pm
Installing /home/yuta/perl5/lib/perl5/YAML/Node.pm
Installing /home/yuta/perl5/lib/perl5/YAML/Types.pm
Installing /home/yuta/perl5/lib/perl5/YAML/Mo.pm
Installing /home/yuta/perl5/lib/perl5/YAML/Loader/Base.pm
Installing /home/yuta/perl5/lib/perl5/YAML/Dumper/Base.pm
Installing /home/yuta/perl5/man/man3/YAML::Loader::Base.3pm
Installing /home/yuta/perl5/man/man3/YAML::Types.3pm
Installing /home/yuta/perl5/man/man3/YAML::Marshall.3pm
Installing /home/yuta/perl5/man/man3/YAML::Node.3pm
Installing /home/yuta/perl5/man/man3/YAML::Error.3pm
Installing /home/yuta/perl5/man/man3/YAML::Dumper.3pm
Installing /home/yuta/perl5/man/man3/YAML::Tag.3pm
Installing /home/yuta/perl5/man/man3/YAML.3pm
Installing /home/yuta/perl5/man/man3/YAML::Dumper::Base.3pm
Installing /home/yuta/perl5/man/man3/Test::YAML.3pm
Installing /home/yuta/perl5/man/man3/YAML::Any.3pm
Installing /home/yuta/perl5/man/man3/YAML::Loader.3pm
Appending installation info to /home/yuta/perl5/lib/perl5/x86_64-linux-thread-multi/perllocal.pod
-> OK
Successfully installed YAML-0.84
Installing ~/perl5/lib/perl5/x86_64-linux-thread-multi/.meta/YAML-0.84/install.json
2 distributions installed
