cpanm (App::cpanminus) 1.5017 on perl 5.010001 built for x86_64-linux-thread-multi
Work directory is /home/yuta/.cpanm/work/1343791756.6122
You have make /usr/bin/make
You have LWP 6.02
You have /bin/tar: tar (GNU tar) 1.23
Copyright (C) 2010 Free Software Foundation, Inc.
License GPLv3+: GNU GPL version 3 or later <http://gnu.org/licenses/gpl.html>.
This is free software: you are free to change and redistribute it.
There is NO WARRANTY, to the extent permitted by law.

Written by John Gilmore and Jay Fenlason.
You have /usr/bin/unzip
Searching LWP::UserAgent on cpanmetadb ...
!
! Can't write to /usr/local/share/perl5 and /usr/local/bin: Installing modules to /home/yuta/perl5
! To turn off this warning, you have to do one of the following:
!   - run me as a root or with --sudo option (to install to /usr/local/share/perl5 and /usr/local/bin)
!   - Configure local::lib your existing local::lib in this shell to set PERL_MM_OPT etc.
!   - Install local::lib by running the following commands
!
!         cpanm --local-lib=~/perl5 local::lib && eval $(perl -I ~/perl5/lib/perl5/ -Mlocal::lib)
!
Checking if you have ExtUtils::MakeMaker 6.31 ... Yes (6.62)
Checking if you have ExtUtils::Install 1.46 ... Yes (1.54)
--> Working on LWP::UserAgent
Fetching http://www.cpan.org/authors/id/G/GA/GAAS/libwww-perl-6.04.tar.gz
-> OK
Unpacking libwww-perl-6.04.tar.gz
Entering libwww-perl-6.04
Checking configure dependencies from META.yml
Checking if you have ExtUtils::MakeMaker 0 ... Yes (6.62)
Configuring libwww-perl-6.04
Running Makefile.PL
Checking if your kit is complete...
Looks good
Writing Makefile for LWP
-> OK
Finding PREREQ from Makefile ...
Checking if you have URI::Escape 0 ... Yes (3.29)
Checking if you have LWP::MediaTypes 6 ... Yes (6.01)
Checking if you have Encode::Locale 0 ... Yes (1.02)
Checking if you have HTTP::Status 6 ... Yes (6.03)
Checking if you have HTTP::Negotiate 6 ... Yes (6.00)
Checking if you have File::Listing 6 ... Yes (6.02)
Checking if you have Encode 2.12 ... Yes (2.35)
Checking if you have Digest::MD5 0 ... Yes (2.39)
Checking if you have HTML::Entities 0 ... Yes (3.64)
Checking if you have HTTP::Daemon 6 ... Yes (6.00)
Checking if you have Net::HTTP 6 ... Yes (6.02)
Checking if you have Net::FTP 2.58 ... Yes (2.77)
Checking if you have URI 1.10 ... Yes (1.40)
Checking if you have HTML::HeadParser 0 ... Yes (3.62)
Checking if you have HTTP::Cookies 6 ... Yes (6.00)
Checking if you have HTTP::Date 6 ... Yes (6.00)
Checking if you have HTTP::Request::Common 6 ... Yes (6.03)
Checking if you have MIME::Base64 2.1 ... Yes (3.08)
Checking if you have HTTP::Response 6 ... Yes (6.03)
Checking if you have IO::Select 0 ... Yes (1.17)
Checking if you have IO::Socket 0 ... Yes (1.31)
Checking if you have WWW::RobotRules 6 ... Yes (6.01)
Checking if you have HTTP::Request 6 ... Yes (6.00)
Building and testing libwww-perl-6.04
cp lib/LWP/RobotUA.pm blib/lib/LWP/RobotUA.pm
cp lib/LWP/Debug.pm blib/lib/LWP/Debug.pm
cp lib/LWP/Authen/Ntlm.pm blib/lib/LWP/Authen/Ntlm.pm
cp lib/LWP.pm blib/lib/LWP.pm
cp lib/LWP/ConnCache.pm blib/lib/LWP/ConnCache.pm
cp lib/LWP/Protocol.pm blib/lib/LWP/Protocol.pm
cp lwptut.pod blib/lib/lwptut.pod
cp lib/LWP/Protocol/ftp.pm blib/lib/LWP/Protocol/ftp.pm
cp lib/LWP/Authen/Digest.pm blib/lib/LWP/Authen/Digest.pm
cp lib/LWP/Protocol/gopher.pm blib/lib/LWP/Protocol/gopher.pm
cp lwpcook.pod blib/lib/lwpcook.pod
cp lib/LWP/Protocol/cpan.pm blib/lib/LWP/Protocol/cpan.pm
cp lib/LWP/Protocol/file.pm blib/lib/LWP/Protocol/file.pm
cp lib/LWP/Protocol/GHTTP.pm blib/lib/LWP/Protocol/GHTTP.pm
cp lib/LWP/DebugFile.pm blib/lib/LWP/DebugFile.pm
cp lib/LWP/Protocol/data.pm blib/lib/LWP/Protocol/data.pm
cp lib/LWP/Protocol/nogo.pm blib/lib/LWP/Protocol/nogo.pm
cp lib/LWP/Authen/Basic.pm blib/lib/LWP/Authen/Basic.pm
cp lib/LWP/Protocol/loopback.pm blib/lib/LWP/Protocol/loopback.pm
cp lib/LWP/UserAgent.pm blib/lib/LWP/UserAgent.pm
cp lib/LWP/Simple.pm blib/lib/LWP/Simple.pm
cp lib/LWP/Protocol/nntp.pm blib/lib/LWP/Protocol/nntp.pm
cp lib/LWP/Protocol/http.pm blib/lib/LWP/Protocol/http.pm
cp lib/LWP/Protocol/mailto.pm blib/lib/LWP/Protocol/mailto.pm
cp lib/LWP/MemberMixin.pm blib/lib/LWP/MemberMixin.pm
cp bin/lwp-dump blib/script/lwp-dump
/usr/bin/perl -MExtUtils::MY -e 'MY->fixin(shift)' -- blib/script/lwp-dump
cp bin/lwp-mirror blib/script/lwp-mirror
/usr/bin/perl -MExtUtils::MY -e 'MY->fixin(shift)' -- blib/script/lwp-mirror
cp bin/lwp-download blib/script/lwp-download
/usr/bin/perl -MExtUtils::MY -e 'MY->fixin(shift)' -- blib/script/lwp-download
cp bin/lwp-request blib/script/lwp-request
/usr/bin/perl -MExtUtils::MY -e 'MY->fixin(shift)' -- blib/script/lwp-request
Manifying blib/man1/lwp-dump.1
Manifying blib/man1/lwp-mirror.1
Manifying blib/man1/lwp-download.1
Manifying blib/man1/lwp-request.1
Manifying blib/man3/LWP::RobotUA.3pm
Manifying blib/man3/LWP::Debug.3pm
Manifying blib/man3/lwpcook.3pm
Manifying blib/man3/LWP::Authen::Ntlm.3pm
Manifying blib/man3/LWP.3pm
Manifying blib/man3/LWP::Protocol.3pm
Manifying blib/man3/LWP::ConnCache.3pm
Manifying blib/man3/lwptut.3pm
Manifying blib/man3/LWP::Simple.3pm
Manifying blib/man3/LWP::UserAgent.3pm
Manifying blib/man3/LWP::MemberMixin.3pm
/usr/bin/perl t/TEST 0
base/protocols.t ...... ok
base/ua.t ............. ok
robot/ua-get.t ........ ok
robot/ua.t ............ ok
local/autoload-get.t .. ok
local/autoload.t ...... ok
local/get.t ........... ok
local/http.t .......... ok
local/protosub.t ...... ok
All tests successful.
Files=9, Tests=125, 14 wallclock secs ( 0.06 usr  0.05 sys +  1.13 cusr  0.26 csys =  1.50 CPU)
Result: PASS
Installing /home/yuta/perl5/lib/perl5/lwpcook.pod
Installing /home/yuta/perl5/lib/perl5/lwptut.pod
Installing /home/yuta/perl5/lib/perl5/LWP.pm
Installing /home/yuta/perl5/lib/perl5/LWP/Debug.pm
Installing /home/yuta/perl5/lib/perl5/LWP/Simple.pm
Installing /home/yuta/perl5/lib/perl5/LWP/RobotUA.pm
Installing /home/yuta/perl5/lib/perl5/LWP/MemberMixin.pm
Installing /home/yuta/perl5/lib/perl5/LWP/DebugFile.pm
Installing /home/yuta/perl5/lib/perl5/LWP/ConnCache.pm
Installing /home/yuta/perl5/lib/perl5/LWP/Protocol.pm
Installing /home/yuta/perl5/lib/perl5/LWP/UserAgent.pm
Installing /home/yuta/perl5/lib/perl5/LWP/Protocol/gopher.pm
Installing /home/yuta/perl5/lib/perl5/LWP/Protocol/cpan.pm
Installing /home/yuta/perl5/lib/perl5/LWP/Protocol/mailto.pm
Installing /home/yuta/perl5/lib/perl5/LWP/Protocol/loopback.pm
Installing /home/yuta/perl5/lib/perl5/LWP/Protocol/http.pm
Installing /home/yuta/perl5/lib/perl5/LWP/Protocol/ftp.pm
Installing /home/yuta/perl5/lib/perl5/LWP/Protocol/data.pm
Installing /home/yuta/perl5/lib/perl5/LWP/Protocol/GHTTP.pm
Installing /home/yuta/perl5/lib/perl5/LWP/Protocol/nntp.pm
Installing /home/yuta/perl5/lib/perl5/LWP/Protocol/nogo.pm
Installing /home/yuta/perl5/lib/perl5/LWP/Protocol/file.pm
Installing /home/yuta/perl5/lib/perl5/LWP/Authen/Basic.pm
Installing /home/yuta/perl5/lib/perl5/LWP/Authen/Digest.pm
Installing /home/yuta/perl5/lib/perl5/LWP/Authen/Ntlm.pm
Installing /home/yuta/perl5/man/man1/lwp-request.1
Installing /home/yuta/perl5/man/man1/lwp-download.1
Installing /home/yuta/perl5/man/man1/lwp-mirror.1
Installing /home/yuta/perl5/man/man1/lwp-dump.1
Installing /home/yuta/perl5/man/man3/LWP::ConnCache.3pm
Installing /home/yuta/perl5/man/man3/LWP::Simple.3pm
Installing /home/yuta/perl5/man/man3/LWP::Protocol.3pm
Installing /home/yuta/perl5/man/man3/LWP.3pm
Installing /home/yuta/perl5/man/man3/lwpcook.3pm
Installing /home/yuta/perl5/man/man3/LWP::Authen::Ntlm.3pm
Installing /home/yuta/perl5/man/man3/LWP::UserAgent.3pm
Installing /home/yuta/perl5/man/man3/LWP::MemberMixin.3pm
Installing /home/yuta/perl5/man/man3/LWP::Debug.3pm
Installing /home/yuta/perl5/man/man3/LWP::RobotUA.3pm
Installing /home/yuta/perl5/man/man3/lwptut.3pm
Installing /home/yuta/perl5/bin/lwp-download
Installing /home/yuta/perl5/bin/lwp-dump
Installing /home/yuta/perl5/bin/lwp-request
Installing /home/yuta/perl5/bin/lwp-mirror
Appending installation info to /home/yuta/perl5/lib/perl5/x86_64-linux-thread-multi/perllocal.pod
-> OK
Successfully installed libwww-perl-6.04 (upgraded from 6.02)
Installing ~/perl5/lib/perl5/x86_64-linux-thread-multi/.meta/libwww-perl-6.04/install.json
1 distribution installed
